<?xml version="1.0" encoding="UTF-8"?>
<testsuite xmlns:xsi="http://www.w3.org/2001/XMLSchema-instance" xsi:noNamespaceSchemaLocation="https://maven.apache.org/surefire/maven-surefire-plugin/xsd/surefire-test-report.xsd" name="com.catlovers.carbon_credits.CarbonCreditsApplicationTests" time="15.942" tests="3" errors="0" skipped="0" failures="0">
  <properties>
[...]
</properties>
  <testcase name="test_restTemplate" classname="com.catlovers.carbon_credits.CarbonCreditsApplicationTests" time="0.864"/>
  <testcase name="test_01" classname="com.catlovers.carbon_credits.CarbonCreditsApplicationTests" time="0.52"/>
  <testcase name="contextLoads" classname="com.catlovers.carbon_credits.CarbonCreditsApplicationTests" time="0.007"/>
</testsuite>