<?xml version="1.0" encoding="UTF-8"?>
<testsuite xmlns:xsi="http://www.w3.org/2001/XMLSchema-instance" xsi:noNamespaceSchemaLocation="https://maven.apache.org/surefire/maven-surefire-plugin/xsd/surefire-test-report.xsd" name="com.carboncredits.carbon_integration_system.CarbonIntegrationSystemApplicationTests" time="6.151" tests="2" errors="0" skipped="0" failures="0">
  <properties>
[...]
</properties>
  <testcase name="test_01" classname="com.carboncredits.carbon_integration_system.CarbonIntegrationSystemApplicationTests" time="0.381"/>
  <testcase name="contextLoads" classname="com.carboncredits.carbon_integration_system.CarbonIntegrationSystemApplicationTests" time="0.002"/>
</testsuite>